2014/08/31 20:59:59 [error] [php] Undefined variable: incidente (/var/www/html/sihori/sih/protected/views/incidentes/incoming.php:50)
Stack trace:
#0 /var/www/html/sihori/framework/web/CController.php(869): IncidentesController->renderFile()
#1 /var/www/html/sihori/framework/web/CController.php(782): IncidentesController->renderPartial()
#2 /var/www/html/sihori/sih/protected/controllers/IncidentesController.php(80): IncidentesController->render()
#3 /var/www/html/sihori/framework/web/actions/CInlineAction.php(49): IncidentesController->actionIncoming()
#4 /var/www/html/sihori/framework/web/CController.php(308): CInlineAction->runWithParams()
#5 /var/www/html/sihori/framework/web/filters/CFilterChain.php(133): IncidentesController->runAction()
#6 /var/www/html/sihori/framework/web/filters/CFilter.php(40): CFilterChain->run()
#7 /var/www/html/sihori/framework/web/CController.php(1145): CAccessControlFilter->filter()
#8 /var/www/html/sihori/framework/web/filters/CInlineFilter.php(58): IncidentesController->filterAccessControl()
#9 /var/www/html/sihori/framework/web/filters/CFilterChain.php(130): CInlineFilter->filter()
#10 /var/www/html/sihori/framework/web/CController.php(291): CFilterChain->run()
#11 /var/www/html/sihori/framework/web/CController.php(265): IncidentesController->runActionWithFilters()
#12 /var/www/html/sihori/framework/web/CWebApplication.php(282): IncidentesController->run()
#13 /var/www/html/sihori/framework/web/CWebApplication.php(141): CWebApplication->runController()
#14 /var/www/html/sihori/framework/base/CApplication.php(180): CWebApplication->processRequest()
#15 /var/www/html/sihori/sih/index.php(15): CWebApplication->run()
REQUEST_URI=/sihori/sih/index.php?r=incidentes/incoming
in /var/www/html/sihori/sih/protected/views/incidentes/incoming.php (50)
in /var/www/html/sihori/sih/protected/controllers/IncidentesController.php (80)
in /var/www/html/sihori/sih/index.php (15)
2014/08/31 21:00:39 [error] [php] Undefined variable: incidentex (/var/www/html/sihori/sih/protected/views/incidentes/incoming.php:50)
Stack trace:
#0 /var/www/html/sihori/framework/web/CController.php(869): IncidentesController->renderFile()
#1 /var/www/html/sihori/framework/web/CController.php(782): IncidentesController->renderPartial()
#2 /var/www/html/sihori/sih/protected/controllers/IncidentesController.php(80): IncidentesController->render()
#3 /var/www/html/sihori/framework/web/actions/CInlineAction.php(49): IncidentesController->actionIncoming()
#4 /var/www/html/sihori/framework/web/CController.php(308): CInlineAction->runWithParams()
#5 /var/www/html/sihori/framework/web/filters/CFilterChain.php(133): IncidentesController->runAction()
#6 /var/www/html/sihori/framework/web/filters/CFilter.php(40): CFilterChain->run()
#7 /var/www/html/sihori/framework/web/CController.php(1145): CAccessControlFilter->filter()
#8 /var/www/html/sihori/framework/web/filters/CInlineFilter.php(58): IncidentesController->filterAccessControl()
#9 /var/www/html/sihori/framework/web/filters/CFilterChain.php(130): CInlineFilter->filter()
#10 /var/www/html/sihori/framework/web/CController.php(291): CFilterChain->run()
#11 /var/www/html/sihori/framework/web/CController.php(265): IncidentesController->runActionWithFilters()
#12 /var/www/html/sihori/framework/web/CWebApplication.php(282): IncidentesController->run()
#13 /var/www/html/sihori/framework/web/CWebApplication.php(141): CWebApplication->runController()
#14 /var/www/html/sihori/framework/base/CApplication.php(180): CWebApplication->processRequest()
#15 /var/www/html/sihori/sih/index.php(15): CWebApplication->run()
REQUEST_URI=/sihori/sih/index.php?r=incidentes/incoming
in /var/www/html/sihori/sih/protected/views/incidentes/incoming.php (50)
in /var/www/html/sihori/sih/protected/controllers/IncidentesController.php (80)
in /var/www/html/sihori/sih/index.php (15)
2014/08/31 21:00:40 [error] [php] Undefined variable: incidentex (/var/www/html/sihori/sih/protected/views/incidentes/incoming.php:50)
Stack trace:
#0 /var/www/html/sihori/framework/web/CController.php(869): IncidentesController->renderFile()
#1 /var/www/html/sihori/framework/web/CController.php(782): IncidentesController->renderPartial()
#2 /var/www/html/sihori/sih/protected/controllers/IncidentesController.php(80): IncidentesController->render()
#3 /var/www/html/sihori/framework/web/actions/CInlineAction.php(49): IncidentesController->actionIncoming()
#4 /var/www/html/sihori/framework/web/CController.php(308): CInlineAction->runWithParams()
#5 /var/www/html/sihori/framework/web/filters/CFilterChain.php(133): IncidentesController->runAction()
#6 /var/www/html/sihori/framework/web/filters/CFilter.php(40): CFilterChain->run()
#7 /var/www/html/sihori/framework/web/CController.php(1145): CAccessControlFilter->filter()
#8 /var/www/html/sihori/framework/web/filters/CInlineFilter.php(58): IncidentesController->filterAccessControl()
#9 /var/www/html/sihori/framework/web/filters/CFilterChain.php(130): CInlineFilter->filter()
#10 /var/www/html/sihori/framework/web/CController.php(291): CFilterChain->run()
#11 /var/www/html/sihori/framework/web/CController.php(265): IncidentesController->runActionWithFilters()
#12 /var/www/html/sihori/framework/web/CWebApplication.php(282): IncidentesController->run()
#13 /var/www/html/sihori/framework/web/CWebApplication.php(141): CWebApplication->runController()
#14 /var/www/html/sihori/framework/base/CApplication.php(180): CWebApplication->processRequest()
#15 /var/www/html/sihori/sih/index.php(15): CWebApplication->run()
REQUEST_URI=/sihori/sih/index.php?r=incidentes/incoming
in /var/www/html/sihori/sih/protected/views/incidentes/incoming.php (50)
in /var/www/html/sihori/sih/protected/controllers/IncidentesController.php (80)
in /var/www/html/sihori/sih/index.php (15)
2014/08/31 21:00:40 [error] [php] Undefined variable: incidentex (/var/www/html/sihori/sih/protected/views/incidentes/incoming.php:50)
Stack trace:
#0 /var/www/html/sihori/framework/web/CController.php(869): IncidentesController->renderFile()
#1 /var/www/html/sihori/framework/web/CController.php(782): IncidentesController->renderPartial()
#2 /var/www/html/sihori/sih/protected/controllers/IncidentesController.php(80): IncidentesController->render()
#3 /var/www/html/sihori/framework/web/actions/CInlineAction.php(49): IncidentesController->actionIncoming()
#4 /var/www/html/sihori/framework/web/CController.php(308): CInlineAction->runWithParams()
#5 /var/www/html/sihori/framework/web/filters/CFilterChain.php(133): IncidentesController->runAction()
#6 /var/www/html/sihori/framework/web/filters/CFilter.php(40): CFilterChain->run()
#7 /var/www/html/sihori/framework/web/CController.php(1145): CAccessControlFilter->filter()
#8 /var/www/html/sihori/framework/web/filters/CInlineFilter.php(58): IncidentesController->filterAccessControl()
#9 /var/www/html/sihori/framework/web/filters/CFilterChain.php(130): CInlineFilter->filter()
#10 /var/www/html/sihori/framework/web/CController.php(291): CFilterChain->run()
#11 /var/www/html/sihori/framework/web/CController.php(265): IncidentesController->runActionWithFilters()
#12 /var/www/html/sihori/framework/web/CWebApplication.php(282): IncidentesController->run()
#13 /var/www/html/sihori/framework/web/CWebApplication.php(141): CWebApplication->runController()
#14 /var/www/html/sihori/framework/base/CApplication.php(180): CWebApplication->processRequest()
#15 /var/www/html/sihori/sih/index.php(15): CWebApplication->run()
REQUEST_URI=/sihori/sih/index.php?r=incidentes/incoming
in /var/www/html/sihori/sih/protected/views/incidentes/incoming.php (50)
in /var/www/html/sihori/sih/protected/controllers/IncidentesController.php (80)
in /var/www/html/sihori/sih/index.php (15)
2014/08/31 21:00:40 [error] [php] Undefined variable: incidentex (/var/www/html/sihori/sih/protected/views/incidentes/incoming.php:50)
Stack trace:
#0 /var/www/html/sihori/framework/web/CController.php(869): IncidentesController->renderFile()
#1 /var/www/html/sihori/framework/web/CController.php(782): IncidentesController->renderPartial()
#2 /var/www/html/sihori/sih/protected/controllers/IncidentesController.php(80): IncidentesController->render()
#3 /var/www/html/sihori/framework/web/actions/CInlineAction.php(49): IncidentesController->actionIncoming()
#4 /var/www/html/sihori/framework/web/CController.php(308): CInlineAction->runWithParams()
#5 /var/www/html/sihori/framework/web/filters/CFilterChain.php(133): IncidentesController->runAction()
#6 /var/www/html/sihori/framework/web/filters/CFilter.php(40): CFilterChain->run()
#7 /var/www/html/sihori/framework/web/CController.php(1145): CAccessControlFilter->filter()
#8 /var/www/html/sihori/framework/web/filters/CInlineFilter.php(58): IncidentesController->filterAccessControl()
#9 /var/www/html/sihori/framework/web/filters/CFilterChain.php(130): CInlineFilter->filter()
#10 /var/www/html/sihori/framework/web/CController.php(291): CFilterChain->run()
#11 /var/www/html/sihori/framework/web/CController.php(265): IncidentesController->runActionWithFilters()
#12 /var/www/html/sihori/framework/web/CWebApplication.php(282): IncidentesController->run()
#13 /var/www/html/sihori/framework/web/CWebApplication.php(141): CWebApplication->runController()
#14 /var/www/html/sihori/framework/base/CApplication.php(180): CWebApplication->processRequest()
#15 /var/www/html/sihori/sih/index.php(15): CWebApplication->run()
REQUEST_URI=/sihori/sih/index.php?r=incidentes/incoming
in /var/www/html/sihori/sih/protected/views/incidentes/incoming.php (50)
in /var/www/html/sihori/sih/protected/controllers/IncidentesController.php (80)
in /var/www/html/sihori/sih/index.php (15)
2014/08/31 21:01:07 [error] [php] Undefined variable: incidentex (/var/www/html/sihori/sih/protected/views/incidentes/incoming.php:50)
Stack trace:
#0 /var/www/html/sihori/framework/web/CController.php(869): IncidentesController->renderFile()
#1 /var/www/html/sihori/framework/web/CController.php(782): IncidentesController->renderPartial()
#2 /var/www/html/sihori/sih/protected/controllers/IncidentesController.php(80): IncidentesController->render()
#3 /var/www/html/sihori/framework/web/actions/CInlineAction.php(49): IncidentesController->actionIncoming()
#4 /var/www/html/sihori/framework/web/CController.php(308): CInlineAction->runWithParams()
#5 /var/www/html/sihori/framework/web/filters/CFilterChain.php(133): IncidentesController->runAction()
#6 /var/www/html/sihori/framework/web/filters/CFilter.php(40): CFilterChain->run()
#7 /var/www/html/sihori/framework/web/CController.php(1145): CAccessControlFilter->filter()
#8 /var/www/html/sihori/framework/web/filters/CInlineFilter.php(58): IncidentesController->filterAccessControl()
#9 /var/www/html/sihori/framework/web/filters/CFilterChain.php(130): CInlineFilter->filter()
#10 /var/www/html/sihori/framework/web/CController.php(291): CFilterChain->run()
#11 /var/www/html/sihori/framework/web/CController.php(265): IncidentesController->runActionWithFilters()
#12 /var/www/html/sihori/framework/web/CWebApplication.php(282): IncidentesController->run()
#13 /var/www/html/sihori/framework/web/CWebApplication.php(141): CWebApplication->runController()
#14 /var/www/html/sihori/framework/base/CApplication.php(180): CWebApplication->processRequest()
#15 /var/www/html/sihori/sih/index.php(15): CWebApplication->run()
REQUEST_URI=/sihori/sih/index.php?r=incidentes/incoming
in /var/www/html/sihori/sih/protected/views/incidentes/incoming.php (50)
in /var/www/html/sihori/sih/protected/controllers/IncidentesController.php (80)
in /var/www/html/sihori/sih/index.php (15)
2014/08/31 21:01:24 [error] [php] Undefined variable: incidentex (/var/www/html/sihori/sih/protected/views/incidentes/_incidente.php:7)
Stack trace:
#0 /var/www/html/sihori/framework/web/CController.php(869): IncidentesController->renderFile()
#1 /var/www/html/sihori/sih/protected/views/incidentes/incoming.php(50): IncidentesController->renderPartial()
#2 /var/www/html/sihori/framework/web/CBaseController.php(126): require()
#3 /var/www/html/sihori/framework/web/CBaseController.php(95): IncidentesController->renderInternal()
#4 /var/www/html/sihori/framework/web/CController.php(869): IncidentesController->renderFile()
#5 /var/www/html/sihori/framework/web/CController.php(782): IncidentesController->renderPartial()
#6 /var/www/html/sihori/sih/protected/controllers/IncidentesController.php(80): IncidentesController->render()
#7 /var/www/html/sihori/framework/web/actions/CInlineAction.php(49): IncidentesController->actionIncoming()
#8 /var/www/html/sihori/framework/web/CController.php(308): CInlineAction->runWithParams()
#9 /var/www/html/sihori/framework/web/filters/CFilterChain.php(133): IncidentesController->runAction()
#10 /var/www/html/sihori/framework/web/filters/CFilter.php(40): CFilterChain->run()
#11 /var/www/html/sihori/framework/web/CController.php(1145): CAccessControlFilter->filter()
#12 /var/www/html/sihori/framework/web/filters/CInlineFilter.php(58): IncidentesController->filterAccessControl()
#13 /var/www/html/sihori/framework/web/filters/CFilterChain.php(130): CInlineFilter->filter()
#14 /var/www/html/sihori/framework/web/CController.php(291): CFilterChain->run()
#15 /var/www/html/sihori/framework/web/CController.php(265): IncidentesController->runActionWithFilters()
#16 /var/www/html/sihori/framework/web/CWebApplication.php(282): IncidentesController->run()
#17 /var/www/html/sihori/framework/web/CWebApplication.php(141): CWebApplication->runController()
#18 /var/www/html/sihori/framework/base/CApplication.php(180): CWebApplication->processRequest()
#19 /var/www/html/sihori/sih/index.php(15): CWebApplication->run()
REQUEST_URI=/sihori/sih/index.php?r=incidentes/incoming
in /var/www/html/sihori/sih/protected/views/incidentes/_incidente.php (7)
in /var/www/html/sihori/sih/protected/views/incidentes/incoming.php (50)
in /var/www/html/sihori/sih/protected/controllers/IncidentesController.php (80)
2014/08/31 21:09:34 [error] [php] Undefined variable: entrantes (/var/www/html/sihori/sih/protected/controllers/IncidentesController.php:73)
Stack trace:
#0 /var/www/html/sihori/framework/web/actions/CInlineAction.php(47): CInlineAction->runWithParamsInternal()
#1 /var/www/html/sihori/framework/web/CController.php(308): CInlineAction->runWithParams()
#2 /var/www/html/sihori/framework/web/filters/CFilterChain.php(133): IncidentesController->runAction()
#3 /var/www/html/sihori/framework/web/filters/CFilter.php(40): CFilterChain->run()
#4 /var/www/html/sihori/framework/web/CController.php(1145): CAccessControlFilter->filter()
#5 /var/www/html/sihori/framework/web/filters/CInlineFilter.php(58): IncidentesController->filterAccessControl()
#6 /var/www/html/sihori/framework/web/filters/CFilterChain.php(130): CInlineFilter->filter()
#7 /var/www/html/sihori/framework/web/CController.php(291): CFilterChain->run()
#8 /var/www/html/sihori/framework/web/CController.php(265): IncidentesController->runActionWithFilters()
#9 /var/www/html/sihori/framework/web/CWebApplication.php(282): IncidentesController->run()
#10 /var/www/html/sihori/framework/web/CWebApplication.php(141): CWebApplication->runController()
#11 /var/www/html/sihori/framework/base/CApplication.php(180): CWebApplication->processRequest()
#12 /var/www/html/sihori/sih/index.php(15): CWebApplication->run()
REQUEST_URI=/sihori/sih/index.php?r=incidentes/test&id=4&_=1409537374610
in /var/www/html/sihori/sih/protected/controllers/IncidentesController.php (73)
in /var/www/html/sihori/sih/index.php (15)
2014/08/31 21:09:35 [error] [php] Undefined variable: entrantes (/var/www/html/sihori/sih/protected/controllers/IncidentesController.php:73)
Stack trace:
#0 /var/www/html/sihori/framework/web/actions/CInlineAction.php(47): CInlineAction->runWithParamsInternal()
#1 /var/www/html/sihori/framework/web/CController.php(308): CInlineAction->runWithParams()
#2 /var/www/html/sihori/framework/web/filters/CFilterChain.php(133): IncidentesController->runAction()
#3 /var/www/html/sihori/framework/web/filters/CFilter.php(40): CFilterChain->run()
#4 /var/www/html/sihori/framework/web/CController.php(1145): CAccessControlFilter->filter()
#5 /var/www/html/sihori/framework/web/filters/CInlineFilter.php(58): IncidentesController->filterAccessControl()
#6 /var/www/html/sihori/framework/web/filters/CFilterChain.php(130): CInlineFilter->filter()
#7 /var/www/html/sihori/framework/web/CController.php(291): CFilterChain->run()
#8 /var/www/html/sihori/framework/web/CController.php(265): IncidentesController->runActionWithFilters()
#9 /var/www/html/sihori/framework/web/CWebApplication.php(282): IncidentesController->run()
#10 /var/www/html/sihori/framework/web/CWebApplication.php(141): CWebApplication->runController()
#11 /var/www/html/sihori/framework/base/CApplication.php(180): CWebApplication->processRequest()
#12 /var/www/html/sihori/sih/index.php(15): CWebApplication->run()
REQUEST_URI=/sihori/sih/index.php?r=incidentes/test&id=4&_=1409537375593
in /var/www/html/sihori/sih/protected/controllers/IncidentesController.php (73)
in /var/www/html/sihori/sih/index.php (15)
2014/08/31 21:09:54 [error] [php] Trying to get property of non-object (/var/www/html/sihori/sih/protected/views/incidentes/incoming.php:33)
Stack trace:
#0 /var/www/html/sihori/framework/web/CController.php(869): IncidentesController->renderFile()
#1 /var/www/html/sihori/framework/web/CController.php(782): IncidentesController->renderPartial()
#2 /var/www/html/sihori/sih/protected/controllers/IncidentesController.php(74): IncidentesController->render()
#3 unknown(0): IncidentesController->actionTest()
#4 /var/www/html/sihori/framework/web/actions/CAction.php(108): ReflectionMethod->invokeArgs()
#5 /var/www/html/sihori/framework/web/actions/CInlineAction.php(47): CInlineAction->runWithParamsInternal()
#6 /var/www/html/sihori/framework/web/CController.php(308): CInlineAction->runWithParams()
#7 /var/www/html/sihori/framework/web/filters/CFilterChain.php(133): IncidentesController->runAction()
#8 /var/www/html/sihori/framework/web/filters/CFilter.php(40): CFilterChain->run()
#9 /var/www/html/sihori/framework/web/CController.php(1145): CAccessControlFilter->filter()
#10 /var/www/html/sihori/framework/web/filters/CInlineFilter.php(58): IncidentesController->filterAccessControl()
#11 /var/www/html/sihori/framework/web/filters/CFilterChain.php(130): CInlineFilter->filter()
#12 /var/www/html/sihori/framework/web/CController.php(291): CFilterChain->run()
#13 /var/www/html/sihori/framework/web/CController.php(265): IncidentesController->runActionWithFilters()
#14 /var/www/html/sihori/framework/web/CWebApplication.php(282): IncidentesController->run()
#15 /var/www/html/sihori/framework/web/CWebApplication.php(141): CWebApplication->runController()
#16 /var/www/html/sihori/framework/base/CApplication.php(180): CWebApplication->processRequest()
#17 /var/www/html/sihori/sih/index.php(15): CWebApplication->run()
REQUEST_URI=/sihori/sih/index.php?r=incidentes/test&id=4&_=1409537394660
in /var/www/html/sihori/sih/protected/views/incidentes/incoming.php (33)
in /var/www/html/sihori/sih/protected/controllers/IncidentesController.php (74)
in /var/www/html/sihori/sih/index.php (15)
2014/08/31 21:10:17 [error] [php] Undefined variable: model (/var/www/html/sihori/sih/protected/views/incidentes/incoming.php:29)
Stack trace:
#0 /var/www/html/sihori/framework/web/CController.php(869): IncidentesController->renderFile()
#1 /var/www/html/sihori/framework/web/CController.php(782): IncidentesController->renderPartial()
#2 /var/www/html/sihori/sih/protected/controllers/IncidentesController.php(74): IncidentesController->render()
#3 unknown(0): IncidentesController->actionTest()
#4 /var/www/html/sihori/framework/web/actions/CAction.php(108): ReflectionMethod->invokeArgs()
#5 /var/www/html/sihori/framework/web/actions/CInlineAction.php(47): CInlineAction->runWithParamsInternal()
#6 /var/www/html/sihori/framework/web/CController.php(308): CInlineAction->runWithParams()
#7 /var/www/html/sihori/framework/web/filters/CFilterChain.php(133): IncidentesController->runAction()
#8 /var/www/html/sihori/framework/web/filters/CFilter.php(40): CFilterChain->run()
#9 /var/www/html/sihori/framework/web/CController.php(1145): CAccessControlFilter->filter()
#10 /var/www/html/sihori/framework/web/filters/CInlineFilter.php(58): IncidentesController->filterAccessControl()
#11 /var/www/html/sihori/framework/web/filters/CFilterChain.php(130): CInlineFilter->filter()
#12 /var/www/html/sihori/framework/web/CController.php(291): CFilterChain->run()
#13 /var/www/html/sihori/framework/web/CController.php(265): IncidentesController->runActionWithFilters()
#14 /var/www/html/sihori/framework/web/CWebApplication.php(282): IncidentesController->run()
#15 /var/www/html/sihori/framework/web/CWebApplication.php(141): CWebApplication->runController()
#16 /var/www/html/sihori/framework/base/CApplication.php(180): CWebApplication->processRequest()
#17 /var/www/html/sihori/sih/index.php(15): CWebApplication->run()
REQUEST_URI=/sihori/sih/index.php?r=incidentes/test&id=4&_=1409537417548
in /var/www/html/sihori/sih/protected/views/incidentes/incoming.php (29)
in /var/www/html/sihori/sih/protected/controllers/IncidentesController.php (74)
in /var/www/html/sihori/sih/index.php (15)
2014/08/31 21:11:10 [error] [php] Undefined variable: incidentex (/var/www/html/sihori/sih/protected/views/incidentes/_incidente.php:7)
Stack trace:
#0 /var/www/html/sihori/framework/web/CController.php(869): IncidentesController->renderFile()
#1 /var/www/html/sihori/sih/protected/views/incidentes/incoming.php(50): IncidentesController->renderPartial()
#2 /var/www/html/sihori/framework/web/CBaseController.php(126): require()
#3 /var/www/html/sihori/framework/web/CBaseController.php(95): IncidentesController->renderInternal()
#4 /var/www/html/sihori/framework/web/CController.php(869): IncidentesController->renderFile()
#5 /var/www/html/sihori/framework/web/CController.php(782): IncidentesController->renderPartial()
#6 /var/www/html/sihori/sih/protected/controllers/IncidentesController.php(86): IncidentesController->render()
#7 /var/www/html/sihori/framework/web/actions/CInlineAction.php(49): IncidentesController->actionIncoming()
#8 /var/www/html/sihori/framework/web/CController.php(308): CInlineAction->runWithParams()
#9 /var/www/html/sihori/framework/web/filters/CFilterChain.php(133): IncidentesController->runAction()
#10 /var/www/html/sihori/framework/web/filters/CFilter.php(40): CFilterChain->run()
#11 /var/www/html/sihori/framework/web/CController.php(1145): CAccessControlFilter->filter()
#12 /var/www/html/sihori/framework/web/filters/CInlineFilter.php(58): IncidentesController->filterAccessControl()
#13 /var/www/html/sihori/framework/web/filters/CFilterChain.php(130): CInlineFilter->filter()
#14 /var/www/html/sihori/framework/web/CController.php(291): CFilterChain->run()
#15 /var/www/html/sihori/framework/web/CController.php(265): IncidentesController->runActionWithFilters()
#16 /var/www/html/sihori/framework/web/CWebApplication.php(282): IncidentesController->run()
#17 /var/www/html/sihori/framework/web/CWebApplication.php(141): CWebApplication->runController()
#18 /var/www/html/sihori/framework/base/CApplication.php(180): CWebApplication->processRequest()
#19 /var/www/html/sihori/sih/index.php(15): CWebApplication->run()
REQUEST_URI=/sihori/sih/index.php?r=incidentes/incoming
in /var/www/html/sihori/sih/protected/views/incidentes/_incidente.php (7)
in /var/www/html/sihori/sih/protected/views/incidentes/incoming.php (50)
in /var/www/html/sihori/sih/protected/controllers/IncidentesController.php (86)
2014/08/31 21:11:33 [error] [php] Undefined variable: incidentex (/var/www/html/sihori/sih/protected/views/incidentes/_incidente.php:7)
Stack trace:
#0 /var/www/html/sihori/framework/web/CController.php(869): IncidentesController->renderFile()
#1 /var/www/html/sihori/sih/protected/views/incidentes/incoming.php(50): IncidentesController->renderPartial()
#2 /var/www/html/sihori/framework/web/CBaseController.php(126): require()
#3 /var/www/html/sihori/framework/web/CBaseController.php(95): IncidentesController->renderInternal()
#4 /var/www/html/sihori/framework/web/CController.php(869): IncidentesController->renderFile()
#5 /var/www/html/sihori/framework/web/CController.php(782): IncidentesController->renderPartial()
#6 /var/www/html/sihori/sih/protected/controllers/IncidentesController.php(86): IncidentesController->render()
#7 /var/www/html/sihori/framework/web/actions/CInlineAction.php(49): IncidentesController->actionIncoming()
#8 /var/www/html/sihori/framework/web/CController.php(308): CInlineAction->runWithParams()
#9 /var/www/html/sihori/framework/web/filters/CFilterChain.php(133): IncidentesController->runAction()
#10 /var/www/html/sihori/framework/web/filters/CFilter.php(40): CFilterChain->run()
#11 /var/www/html/sihori/framework/web/CController.php(1145): CAccessControlFilter->filter()
#12 /var/www/html/sihori/framework/web/filters/CInlineFilter.php(58): IncidentesController->filterAccessControl()
#13 /var/www/html/sihori/framework/web/filters/CFilterChain.php(130): CInlineFilter->filter()
#14 /var/www/html/sihori/framework/web/CController.php(291): CFilterChain->run()
#15 /var/www/html/sihori/framework/web/CController.php(265): IncidentesController->runActionWithFilters()
#16 /var/www/html/sihori/framework/web/CWebApplication.php(282): IncidentesController->run()
#17 /var/www/html/sihori/framework/web/CWebApplication.php(141): CWebApplication->runController()
#18 /var/www/html/sihori/framework/base/CApplication.php(180): CWebApplication->processRequest()
#19 /var/www/html/sihori/sih/index.php(15): CWebApplication->run()
REQUEST_URI=/sihori/sih/index.php?r=incidentes/incoming
in /var/www/html/sihori/sih/protected/views/incidentes/_incidente.php (7)
in /var/www/html/sihori/sih/protected/views/incidentes/incoming.php (50)
in /var/www/html/sihori/sih/protected/controllers/IncidentesController.php (86)
2014/08/31 21:11:35 [error] [php] Undefined variable: incidentex (/var/www/html/sihori/sih/protected/views/incidentes/_incidente.php:7)
Stack trace:
#0 /var/www/html/sihori/framework/web/CController.php(869): IncidentesController->renderFile()
#1 /var/www/html/sihori/sih/protected/views/incidentes/incoming.php(50): IncidentesController->renderPartial()
#2 /var/www/html/sihori/framework/web/CBaseController.php(126): require()
#3 /var/www/html/sihori/framework/web/CBaseController.php(95): IncidentesController->renderInternal()
#4 /var/www/html/sihori/framework/web/CController.php(869): IncidentesController->renderFile()
#5 /var/www/html/sihori/framework/web/CController.php(782): IncidentesController->renderPartial()
#6 /var/www/html/sihori/sih/protected/controllers/IncidentesController.php(86): IncidentesController->render()
#7 /var/www/html/sihori/framework/web/actions/CInlineAction.php(49): IncidentesController->actionIncoming()
#8 /var/www/html/sihori/framework/web/CController.php(308): CInlineAction->runWithParams()
#9 /var/www/html/sihori/framework/web/filters/CFilterChain.php(133): IncidentesController->runAction()
#10 /var/www/html/sihori/framework/web/filters/CFilter.php(40): CFilterChain->run()
#11 /var/www/html/sihori/framework/web/CController.php(1145): CAccessControlFilter->filter()
#12 /var/www/html/sihori/framework/web/filters/CInlineFilter.php(58): IncidentesController->filterAccessControl()
#13 /var/www/html/sihori/framework/web/filters/CFilterChain.php(130): CInlineFilter->filter()
#14 /var/www/html/sihori/framework/web/CController.php(291): CFilterChain->run()
#15 /var/www/html/sihori/framework/web/CController.php(265): IncidentesController->runActionWithFilters()
#16 /var/www/html/sihori/framework/web/CWebApplication.php(282): IncidentesController->run()
#17 /var/www/html/sihori/framework/web/CWebApplication.php(141): CWebApplication->runController()
#18 /var/www/html/sihori/framework/base/CApplication.php(180): CWebApplication->processRequest()
#19 /var/www/html/sihori/sih/index.php(15): CWebApplication->run()
REQUEST_URI=/sihori/sih/index.php?r=incidentes/incoming
in /var/www/html/sihori/sih/protected/views/incidentes/_incidente.php (7)
in /var/www/html/sihori/sih/protected/views/incidentes/incoming.php (50)
in /var/www/html/sihori/sih/protected/controllers/IncidentesController.php (86)
2014/08/31 21:19:22 [error] [exception.CException] exception 'CException' with message 'La propiedad "Incidentes"."estatus" no se encuentra definida.' in /var/www/html/sihori/framework/base/CComponent.php:130
Stack trace:
#0 /var/www/html/sihori/framework/db/ar/CActiveRecord.php(145): CComponent->__get('estatus')
#1 /var/www/html/sihori/sih/protected/controllers/IncidentesController.php(63): CActiveRecord->__get('estatus')
#2 [internal function]: IncidentesController->actionTest('4')
#3 /var/www/html/sihori/framework/web/actions/CAction.php(108): ReflectionMethod->invokeArgs(Object(IncidentesController), Array)
#4 /var/www/html/sihori/framework/web/actions/CInlineAction.php(47): CAction->runWithParamsInternal(Object(IncidentesController), Object(ReflectionMethod), Array)
#5 /var/www/html/sihori/framework/web/CController.php(308): CInlineAction->runWithParams(Array)
#6 /var/www/html/sihori/framework/web/filters/CFilterChain.php(133): CController->runAction(Object(CInlineAction))
#7 /var/www/html/sihori/framework/web/filters/CFilter.php(40): CFilterChain->run()
#8 /var/www/html/sihori/framework/web/CController.php(1145): CFilter->filter(Object(CFilterChain))
#9 /var/www/html/sihori/framework/web/filters/CInlineFilter.php(58): CController->filterAccessControl(Object(CFilterChain))
#10 /var/www/html/sihori/framework/web/filters/CFilterChain.php(130): CInlineFilter->filter(Object(CFilterChain))
#11 /var/www/html/sihori/framework/web/CController.php(291): CFilterChain->run()
#12 /var/www/html/sihori/framework/web/CController.php(265): CController->runActionWithFilters(Object(CInlineAction), Array)
#13 /var/www/html/sihori/framework/web/CWebApplication.php(282): CController->run('test')
#14 /var/www/html/sihori/framework/web/CWebApplication.php(141): CWebApplication->runController('incidentes/test')
#15 /var/www/html/sihori/framework/base/CApplication.php(180): CWebApplication->processRequest()
#16 /var/www/html/sihori/sih/index.php(15): CApplication->run()
#17 {main}
REQUEST_URI=/sihori/sih/index.php?r=incidentes/test&id=4&_=1409537962059
HTTP_REFERER=http://localhost/sihori/sih/index.php?r=incidentes/incoming
---
2014/08/31 21:34:55 [error] [php] Array to string conversion (/var/www/html/sihori/sih/protected/views/incidentes/_incidente.php:6)
Stack trace:
#0 /var/www/html/sihori/framework/web/CController.php(869): IncidentesController->renderFile()
#1 /var/www/html/sihori/sih/protected/controllers/IncidentesController.php(68): IncidentesController->renderPartial()
#2 unknown(0): IncidentesController->actionTest()
#3 /var/www/html/sihori/framework/web/actions/CAction.php(108): ReflectionMethod->invokeArgs()
#4 /var/www/html/sihori/framework/web/actions/CInlineAction.php(47): CInlineAction->runWithParamsInternal()
#5 /var/www/html/sihori/framework/web/CController.php(308): CInlineAction->runWithParams()
#6 /var/www/html/sihori/framework/web/filters/CFilterChain.php(133): IncidentesController->runAction()
#7 /var/www/html/sihori/framework/web/filters/CFilter.php(40): CFilterChain->run()
#8 /var/www/html/sihori/framework/web/CController.php(1145): CAccessControlFilter->filter()
#9 /var/www/html/sihori/framework/web/filters/CInlineFilter.php(58): IncidentesController->filterAccessControl()
#10 /var/www/html/sihori/framework/web/filters/CFilterChain.php(130): CInlineFilter->filter()
#11 /var/www/html/sihori/framework/web/CController.php(291): CFilterChain->run()
#12 /var/www/html/sihori/framework/web/CController.php(265): IncidentesController->runActionWithFilters()
#13 /var/www/html/sihori/framework/web/CWebApplication.php(282): IncidentesController->run()
#14 /var/www/html/sihori/framework/web/CWebApplication.php(141): CWebApplication->runController()
#15 /var/www/html/sihori/framework/base/CApplication.php(180): CWebApplication->processRequest()
#16 /var/www/html/sihori/sih/index.php(15): CWebApplication->run()
REQUEST_URI=/sihori/sih/index.php?r=incidentes/test&id=4&_=1409538895947
in /var/www/html/sihori/sih/protected/views/incidentes/_incidente.php (6)
in /var/www/html/sihori/sih/protected/controllers/IncidentesController.php (68)
in /var/www/html/sihori/sih/index.php (15)
2014/08/31 21:35:24 [error] [php] Undefined offset: 0 (/var/www/html/sihori/sih/protected/views/incidentes/_incidente.php:6)
Stack trace:
#0 /var/www/html/sihori/framework/web/CController.php(869): IncidentesController->renderFile()
#1 /var/www/html/sihori/sih/protected/controllers/IncidentesController.php(68): IncidentesController->renderPartial()
#2 unknown(0): IncidentesController->actionTest()
#3 /var/www/html/sihori/framework/web/actions/CAction.php(108): ReflectionMethod->invokeArgs()
#4 /var/www/html/sihori/framework/web/actions/CInlineAction.php(47): CInlineAction->runWithParamsInternal()
#5 /var/www/html/sihori/framework/web/CController.php(308): CInlineAction->runWithParams()
#6 /var/www/html/sihori/framework/web/filters/CFilterChain.php(133): IncidentesController->runAction()
#7 /var/www/html/sihori/framework/web/filters/CFilter.php(40): CFilterChain->run()
#8 /var/www/html/sihori/framework/web/CController.php(1145): CAccessControlFilter->filter()
#9 /var/www/html/sihori/framework/web/filters/CInlineFilter.php(58): IncidentesController->filterAccessControl()
#10 /var/www/html/sihori/framework/web/filters/CFilterChain.php(130): CInlineFilter->filter()
#11 /var/www/html/sihori/framework/web/CController.php(291): CFilterChain->run()
#12 /var/www/html/sihori/framework/web/CController.php(265): IncidentesController->runActionWithFilters()
#13 /var/www/html/sihori/framework/web/CWebApplication.php(282): IncidentesController->run()
#14 /var/www/html/sihori/framework/web/CWebApplication.php(141): CWebApplication->runController()
#15 /var/www/html/sihori/framework/base/CApplication.php(180): CWebApplication->processRequest()
#16 /var/www/html/sihori/sih/index.php(15): CWebApplication->run()
REQUEST_URI=/sihori/sih/index.php?r=incidentes/test&id=4&_=1409538924599
in /var/www/html/sihori/sih/protected/views/incidentes/_incidente.php (6)
in /var/www/html/sihori/sih/protected/controllers/IncidentesController.php (68)
in /var/www/html/sihori/sih/index.php (15)
2014/08/31 21:48:39 [error] [php] Undefined variable: myValue (/var/www/html/sihori/sih/protected/views/incidentes/incoming.php:50)
Stack trace:
#0 /var/www/html/sihori/framework/web/CController.php(869): IncidentesController->renderFile()
#1 /var/www/html/sihori/framework/web/CController.php(782): IncidentesController->renderPartial()
#2 /var/www/html/sihori/sih/protected/controllers/IncidentesController.php(81): IncidentesController->render()
#3 /var/www/html/sihori/framework/web/actions/CInlineAction.php(49): IncidentesController->actionIncoming()
#4 /var/www/html/sihori/framework/web/CController.php(308): CInlineAction->runWithParams()
#5 /var/www/html/sihori/framework/web/filters/CFilterChain.php(133): IncidentesController->runAction()
#6 /var/www/html/sihori/framework/web/filters/CFilter.php(40): CFilterChain->run()
#7 /var/www/html/sihori/framework/web/CController.php(1145): CAccessControlFilter->filter()
#8 /var/www/html/sihori/framework/web/filters/CInlineFilter.php(58): IncidentesController->filterAccessControl()
#9 /var/www/html/sihori/framework/web/filters/CFilterChain.php(130): CInlineFilter->filter()
#10 /var/www/html/sihori/framework/web/CController.php(291): CFilterChain->run()
#11 /var/www/html/sihori/framework/web/CController.php(265): IncidentesController->runActionWithFilters()
#12 /var/www/html/sihori/framework/web/CWebApplication.php(282): IncidentesController->run()
#13 /var/www/html/sihori/framework/web/CWebApplication.php(141): CWebApplication->runController()
#14 /var/www/html/sihori/framework/base/CApplication.php(180): CWebApplication->processRequest()
#15 /var/www/html/sihori/sih/index.php(15): CWebApplication->run()
REQUEST_URI=/sihori/sih/index.php?r=incidentes/incoming
in /var/www/html/sihori/sih/protected/views/incidentes/incoming.php (50)
in /var/www/html/sihori/sih/protected/controllers/IncidentesController.php (81)
in /var/www/html/sihori/sih/index.php (15)
2014/08/31 21:49:00 [error] [php] Undefined variable: incidentex (/var/www/html/sihori/sih/protected/views/incidentes/incoming.php:50)
Stack trace:
#0 /var/www/html/sihori/framework/web/CController.php(869): IncidentesController->renderFile()
#1 /var/www/html/sihori/framework/web/CController.php(782): IncidentesController->renderPartial()
#2 /var/www/html/sihori/sih/protected/controllers/IncidentesController.php(81): IncidentesController->render()
#3 /var/www/html/sihori/framework/web/actions/CInlineAction.php(49): IncidentesController->actionIncoming()
#4 /var/www/html/sihori/framework/web/CController.php(308): CInlineAction->runWithParams()
#5 /var/www/html/sihori/framework/web/filters/CFilterChain.php(133): IncidentesController->runAction()
#6 /var/www/html/sihori/framework/web/filters/CFilter.php(40): CFilterChain->run()
#7 /var/www/html/sihori/framework/web/CController.php(1145): CAccessControlFilter->filter()
#8 /var/www/html/sihori/framework/web/filters/CInlineFilter.php(58): IncidentesController->filterAccessControl()
#9 /var/www/html/sihori/framework/web/filters/CFilterChain.php(130): CInlineFilter->filter()
#10 /var/www/html/sihori/framework/web/CController.php(291): CFilterChain->run()
#11 /var/www/html/sihori/framework/web/CController.php(265): IncidentesController->runActionWithFilters()
#12 /var/www/html/sihori/framework/web/CWebApplication.php(282): IncidentesController->run()
#13 /var/www/html/sihori/framework/web/CWebApplication.php(141): CWebApplication->runController()
#14 /var/www/html/sihori/framework/base/CApplication.php(180): CWebApplication->processRequest()
#15 /var/www/html/sihori/sih/index.php(15): CWebApplication->run()
REQUEST_URI=/sihori/sih/index.php?r=incidentes/incoming
in /var/www/html/sihori/sih/protected/views/incidentes/incoming.php (50)
in /var/www/html/sihori/sih/protected/controllers/IncidentesController.php (81)
in /var/www/html/sihori/sih/index.php (15)
2014/08/31 21:49:01 [error] [php] Undefined variable: incidentex (/var/www/html/sihori/sih/protected/views/incidentes/incoming.php:50)
Stack trace:
#0 /var/www/html/sihori/framework/web/CController.php(869): IncidentesController->renderFile()
#1 /var/www/html/sihori/framework/web/CController.php(782): IncidentesController->renderPartial()
#2 /var/www/html/sihori/sih/protected/controllers/IncidentesController.php(81): IncidentesController->render()
#3 /var/www/html/sihori/framework/web/actions/CInlineAction.php(49): IncidentesController->actionIncoming()
#4 /var/www/html/sihori/framework/web/CController.php(308): CInlineAction->runWithParams()
#5 /var/www/html/sihori/framework/web/filters/CFilterChain.php(133): IncidentesController->runAction()
#6 /var/www/html/sihori/framework/web/filters/CFilter.php(40): CFilterChain->run()
#7 /var/www/html/sihori/framework/web/CController.php(1145): CAccessControlFilter->filter()
#8 /var/www/html/sihori/framework/web/filters/CInlineFilter.php(58): IncidentesController->filterAccessControl()
#9 /var/www/html/sihori/framework/web/filters/CFilterChain.php(130): CInlineFilter->filter()
#10 /var/www/html/sihori/framework/web/CController.php(291): CFilterChain->run()
#11 /var/www/html/sihori/framework/web/CController.php(265): IncidentesController->runActionWithFilters()
#12 /var/www/html/sihori/framework/web/CWebApplication.php(282): IncidentesController->run()
#13 /var/www/html/sihori/framework/web/CWebApplication.php(141): CWebApplication->runController()
#14 /var/www/html/sihori/framework/base/CApplication.php(180): CWebApplication->processRequest()
#15 /var/www/html/sihori/sih/index.php(15): CWebApplication->run()
REQUEST_URI=/sihori/sih/index.php?r=incidentes/incoming
in /var/www/html/sihori/sih/protected/views/incidentes/incoming.php (50)
in /var/www/html/sihori/sih/protected/controllers/IncidentesController.php (81)
in /var/www/html/sihori/sih/index.php (15)
2014/08/31 21:49:32 [error] [php] Illegal string offset 'myValue' (/var/www/html/sihori/sih/protected/views/incidentes/_incidente.php:6)
Stack trace:
#0 /var/www/html/sihori/framework/web/CController.php(869): IncidentesController->renderFile()
#1 /var/www/html/sihori/sih/protected/views/incidentes/incoming.php(50): IncidentesController->renderPartial()
#2 /var/www/html/sihori/framework/web/CBaseController.php(126): require()
#3 /var/www/html/sihori/framework/web/CBaseController.php(95): IncidentesController->renderInternal()
#4 /var/www/html/sihori/framework/web/CController.php(869): IncidentesController->renderFile()
#5 /var/www/html/sihori/framework/web/CController.php(782): IncidentesController->renderPartial()
#6 /var/www/html/sihori/sih/protected/controllers/IncidentesController.php(81): IncidentesController->render()
#7 /var/www/html/sihori/framework/web/actions/CInlineAction.php(49): IncidentesController->actionIncoming()
#8 /var/www/html/sihori/framework/web/CController.php(308): CInlineAction->runWithParams()
#9 /var/www/html/sihori/framework/web/filters/CFilterChain.php(133): IncidentesController->runAction()
#10 /var/www/html/sihori/framework/web/filters/CFilter.php(40): CFilterChain->run()
#11 /var/www/html/sihori/framework/web/CController.php(1145): CAccessControlFilter->filter()
#12 /var/www/html/sihori/framework/web/filters/CInlineFilter.php(58): IncidentesController->filterAccessControl()
#13 /var/www/html/sihori/framework/web/filters/CFilterChain.php(130): CInlineFilter->filter()
#14 /var/www/html/sihori/framework/web/CController.php(291): CFilterChain->run()
#15 /var/www/html/sihori/framework/web/CController.php(265): IncidentesController->runActionWithFilters()
#16 /var/www/html/sihori/framework/web/CWebApplication.php(282): IncidentesController->run()
#17 /var/www/html/sihori/framework/web/CWebApplication.php(141): CWebApplication->runController()
#18 /var/www/html/sihori/framework/base/CApplication.php(180): CWebApplication->processRequest()
#19 /var/www/html/sihori/sih/index.php(15): CWebApplication->run()
REQUEST_URI=/sihori/sih/index.php?r=incidentes/incoming
in /var/www/html/sihori/sih/protected/views/incidentes/_incidente.php (6)
in /var/www/html/sihori/sih/protected/views/incidentes/incoming.php (50)
in /var/www/html/sihori/sih/protected/controllers/IncidentesController.php (81)
2014/08/31 21:49:34 [error] [php] Illegal string offset 'myValue' (/var/www/html/sihori/sih/protected/views/incidentes/_incidente.php:6)
Stack trace:
#0 /var/www/html/sihori/framework/web/CController.php(869): IncidentesController->renderFile()
#1 /var/www/html/sihori/sih/protected/views/incidentes/incoming.php(50): IncidentesController->renderPartial()
#2 /var/www/html/sihori/framework/web/CBaseController.php(126): require()
#3 /var/www/html/sihori/framework/web/CBaseController.php(95): IncidentesController->renderInternal()
#4 /var/www/html/sihori/framework/web/CController.php(869): IncidentesController->renderFile()
#5 /var/www/html/sihori/framework/web/CController.php(782): IncidentesController->renderPartial()
#6 /var/www/html/sihori/sih/protected/controllers/IncidentesController.php(81): IncidentesController->render()
#7 /var/www/html/sihori/framework/web/actions/CInlineAction.php(49): IncidentesController->actionIncoming()
#8 /var/www/html/sihori/framework/web/CController.php(308): CInlineAction->runWithParams()
#9 /var/www/html/sihori/framework/web/filters/CFilterChain.php(133): IncidentesController->runAction()
#10 /var/www/html/sihori/framework/web/filters/CFilter.php(40): CFilterChain->run()
#11 /var/www/html/sihori/framework/web/CController.php(1145): CAccessControlFilter->filter()
#12 /var/www/html/sihori/framework/web/filters/CInlineFilter.php(58): IncidentesController->filterAccessControl()
#13 /var/www/html/sihori/framework/web/filters/CFilterChain.php(130): CInlineFilter->filter()
#14 /var/www/html/sihori/framework/web/CController.php(291): CFilterChain->run()
#15 /var/www/html/sihori/framework/web/CController.php(265): IncidentesController->runActionWithFilters()
#16 /var/www/html/sihori/framework/web/CWebApplication.php(282): IncidentesController->run()
#17 /var/www/html/sihori/framework/web/CWebApplication.php(141): CWebApplication->runController()
#18 /var/www/html/sihori/framework/base/CApplication.php(180): CWebApplication->processRequest()
#19 /var/www/html/sihori/sih/index.php(15): CWebApplication->run()
REQUEST_URI=/sihori/sih/index.php?r=incidentes/incoming
in /var/www/html/sihori/sih/protected/views/incidentes/_incidente.php (6)
in /var/www/html/sihori/sih/protected/views/incidentes/incoming.php (50)
in /var/www/html/sihori/sih/protected/controllers/IncidentesController.php (81)
2014/08/31 21:49:50 [error] [php] Illegal string offset 'myValue' (/var/www/html/sihori/sih/protected/views/incidentes/_incidente.php:6)
Stack trace:
#0 /var/www/html/sihori/framework/web/CController.php(869): IncidentesController->renderFile()
#1 /var/www/html/sihori/sih/protected/views/incidentes/incoming.php(50): IncidentesController->renderPartial()
#2 /var/www/html/sihori/framework/web/CBaseController.php(126): require()
#3 /var/www/html/sihori/framework/web/CBaseController.php(95): IncidentesController->renderInternal()
#4 /var/www/html/sihori/framework/web/CController.php(869): IncidentesController->renderFile()
#5 /var/www/html/sihori/framework/web/CController.php(782): IncidentesController->renderPartial()
#6 /var/www/html/sihori/sih/protected/controllers/IncidentesController.php(82): IncidentesController->render()
#7 /var/www/html/sihori/framework/web/actions/CInlineAction.php(49): IncidentesController->actionIncoming()
#8 /var/www/html/sihori/framework/web/CController.php(308): CInlineAction->runWithParams()
#9 /var/www/html/sihori/framework/web/filters/CFilterChain.php(133): IncidentesController->runAction()
#10 /var/www/html/sihori/framework/web/filters/CFilter.php(40): CFilterChain->run()
#11 /var/www/html/sihori/framework/web/CController.php(1145): CAccessControlFilter->filter()
#12 /var/www/html/sihori/framework/web/filters/CInlineFilter.php(58): IncidentesController->filterAccessControl()
#13 /var/www/html/sihori/framework/web/filters/CFilterChain.php(130): CInlineFilter->filter()
#14 /var/www/html/sihori/framework/web/CController.php(291): CFilterChain->run()
#15 /var/www/html/sihori/framework/web/CController.php(265): IncidentesController->runActionWithFilters()
#16 /var/www/html/sihori/framework/web/CWebApplication.php(282): IncidentesController->run()
#17 /var/www/html/sihori/framework/web/CWebApplication.php(141): CWebApplication->runController()
#18 /var/www/html/sihori/framework/base/CApplication.php(180): CWebApplication->processRequest()
#19 /var/www/html/sihori/sih/index.php(15): CWebApplication->run()
REQUEST_URI=/sihori/sih/index.php?r=incidentes/incoming
in /var/www/html/sihori/sih/protected/views/incidentes/_incidente.php (6)
in /var/www/html/sihori/sih/protected/views/incidentes/incoming.php (50)
in /var/www/html/sihori/sih/protected/controllers/IncidentesController.php (82)
2014/08/31 21:49:52 [error] [php] Illegal string offset 'myValue' (/var/www/html/sihori/sih/protected/views/incidentes/_incidente.php:6)
Stack trace:
#0 /var/www/html/sihori/framework/web/CController.php(869): IncidentesController->renderFile()
#1 /var/www/html/sihori/sih/protected/views/incidentes/incoming.php(50): IncidentesController->renderPartial()
#2 /var/www/html/sihori/framework/web/CBaseController.php(126): require()
#3 /var/www/html/sihori/framework/web/CBaseController.php(95): IncidentesController->renderInternal()
#4 /var/www/html/sihori/framework/web/CController.php(869): IncidentesController->renderFile()
#5 /var/www/html/sihori/framework/web/CController.php(782): IncidentesController->renderPartial()
#6 /var/www/html/sihori/sih/protected/controllers/IncidentesController.php(82): IncidentesController->render()
#7 /var/www/html/sihori/framework/web/actions/CInlineAction.php(49): IncidentesController->actionIncoming()
#8 /var/www/html/sihori/framework/web/CController.php(308): CInlineAction->runWithParams()
#9 /var/www/html/sihori/framework/web/filters/CFilterChain.php(133): IncidentesController->runAction()
#10 /var/www/html/sihori/framework/web/filters/CFilter.php(40): CFilterChain->run()
#11 /var/www/html/sihori/framework/web/CController.php(1145): CAccessControlFilter->filter()
#12 /var/www/html/sihori/framework/web/filters/CInlineFilter.php(58): IncidentesController->filterAccessControl()
#13 /var/www/html/sihori/framework/web/filters/CFilterChain.php(130): CInlineFilter->filter()
#14 /var/www/html/sihori/framework/web/CController.php(291): CFilterChain->run()
#15 /var/www/html/sihori/framework/web/CController.php(265): IncidentesController->runActionWithFilters()
#16 /var/www/html/sihori/framework/web/CWebApplication.php(282): IncidentesController->run()
#17 /var/www/html/sihori/framework/web/CWebApplication.php(141): CWebApplication->runController()
#18 /var/www/html/sihori/framework/base/CApplication.php(180): CWebApplication->processRequest()
#19 /var/www/html/sihori/sih/index.php(15): CWebApplication->run()
REQUEST_URI=/sihori/sih/index.php?r=incidentes/incoming
in /var/www/html/sihori/sih/protected/views/incidentes/_incidente.php (6)
in /var/www/html/sihori/sih/protected/views/incidentes/incoming.php (50)
in /var/www/html/sihori/sih/protected/controllers/IncidentesController.php (82)
2014/08/31 21:52:29 [error] [php] Undefined variable: data (/var/www/html/sihori/sih/protected/views/incidentes/_incidente.php:7)
Stack trace:
#0 /var/www/html/sihori/framework/web/CController.php(869): IncidentesController->renderFile()
#1 /var/www/html/sihori/sih/protected/views/incidentes/incoming.php(50): IncidentesController->renderPartial()
#2 /var/www/html/sihori/framework/web/CBaseController.php(126): require()
#3 /var/www/html/sihori/framework/web/CBaseController.php(95): IncidentesController->renderInternal()
#4 /var/www/html/sihori/framework/web/CController.php(869): IncidentesController->renderFile()
#5 /var/www/html/sihori/framework/web/CController.php(782): IncidentesController->renderPartial()
#6 /var/www/html/sihori/sih/protected/controllers/IncidentesController.php(82): IncidentesController->render()
#7 /var/www/html/sihori/framework/web/actions/CInlineAction.php(49): IncidentesController->actionIncoming()
#8 /var/www/html/sihori/framework/web/CController.php(308): CInlineAction->runWithParams()
#9 /var/www/html/sihori/framework/web/filters/CFilterChain.php(133): IncidentesController->runAction()
#10 /var/www/html/sihori/framework/web/filters/CFilter.php(40): CFilterChain->run()
#11 /var/www/html/sihori/framework/web/CController.php(1145): CAccessControlFilter->filter()
#12 /var/www/html/sihori/framework/web/filters/CInlineFilter.php(58): IncidentesController->filterAccessControl()
#13 /var/www/html/sihori/framework/web/filters/CFilterChain.php(130): CInlineFilter->filter()
#14 /var/www/html/sihori/framework/web/CController.php(291): CFilterChain->run()
#15 /var/www/html/sihori/framework/web/CController.php(265): IncidentesController->runActionWithFilters()
#16 /var/www/html/sihori/framework/web/CWebApplication.php(282): IncidentesController->run()
#17 /var/www/html/sihori/framework/web/CWebApplication.php(141): CWebApplication->runController()
#18 /var/www/html/sihori/framework/base/CApplication.php(180): CWebApplication->processRequest()
#19 /var/www/html/sihori/sih/index.php(15): CWebApplication->run()
REQUEST_URI=/sihori/sih/index.php?r=incidentes/incoming
in /var/www/html/sihori/sih/protected/views/incidentes/_incidente.php (7)
in /var/www/html/sihori/sih/protected/views/incidentes/incoming.php (50)
in /var/www/html/sihori/sih/protected/controllers/IncidentesController.php (82)
2014/08/31 21:52:43 [error] [php] Undefined variable: data (/var/www/html/sihori/sih/protected/views/incidentes/_incidente.php:7)
Stack trace:
#0 /var/www/html/sihori/framework/web/CController.php(869): IncidentesController->renderFile()
#1 /var/www/html/sihori/sih/protected/views/incidentes/incoming.php(50): IncidentesController->renderPartial()
#2 /var/www/html/sihori/framework/web/CBaseController.php(126): require()
#3 /var/www/html/sihori/framework/web/CBaseController.php(95): IncidentesController->renderInternal()
#4 /var/www/html/sihori/framework/web/CController.php(869): IncidentesController->renderFile()
#5 /var/www/html/sihori/framework/web/CController.php(782): IncidentesController->renderPartial()
#6 /var/www/html/sihori/sih/protected/controllers/IncidentesController.php(82): IncidentesController->render()
#7 /var/www/html/sihori/framework/web/actions/CInlineAction.php(49): IncidentesController->actionIncoming()
#8 /var/www/html/sihori/framework/web/CController.php(308): CInlineAction->runWithParams()
#9 /var/www/html/sihori/framework/web/filters/CFilterChain.php(133): IncidentesController->runAction()
#10 /var/www/html/sihori/framework/web/filters/CFilter.php(40): CFilterChain->run()
#11 /var/www/html/sihori/framework/web/CController.php(1145): CAccessControlFilter->filter()
#12 /var/www/html/sihori/framework/web/filters/CInlineFilter.php(58): IncidentesController->filterAccessControl()
#13 /var/www/html/sihori/framework/web/filters/CFilterChain.php(130): CInlineFilter->filter()
#14 /var/www/html/sihori/framework/web/CController.php(291): CFilterChain->run()
#15 /var/www/html/sihori/framework/web/CController.php(265): IncidentesController->runActionWithFilters()
#16 /var/www/html/sihori/framework/web/CWebApplication.php(282): IncidentesController->run()
#17 /var/www/html/sihori/framework/web/CWebApplication.php(141): CWebApplication->runController()
#18 /var/www/html/sihori/framework/base/CApplication.php(180): CWebApplication->processRequest()
#19 /var/www/html/sihori/sih/index.php(15): CWebApplication->run()
REQUEST_URI=/sihori/sih/index.php?r=incidentes/incoming
in /var/www/html/sihori/sih/protected/views/incidentes/_incidente.php (7)
in /var/www/html/sihori/sih/protected/views/incidentes/incoming.php (50)
in /var/www/html/sihori/sih/protected/controllers/IncidentesController.php (82)
2014/08/31 21:52:44 [error] [php] Undefined variable: data (/var/www/html/sihori/sih/protected/views/incidentes/_incidente.php:7)
Stack trace:
#0 /var/www/html/sihori/framework/web/CController.php(869): IncidentesController->renderFile()
#1 /var/www/html/sihori/sih/protected/views/incidentes/incoming.php(50): IncidentesController->renderPartial()
#2 /var/www/html/sihori/framework/web/CBaseController.php(126): require()
#3 /var/www/html/sihori/framework/web/CBaseController.php(95): IncidentesController->renderInternal()
#4 /var/www/html/sihori/framework/web/CController.php(869): IncidentesController->renderFile()
#5 /var/www/html/sihori/framework/web/CController.php(782): IncidentesController->renderPartial()
#6 /var/www/html/sihori/sih/protected/controllers/IncidentesController.php(82): IncidentesController->render()
#7 /var/www/html/sihori/framework/web/actions/CInlineAction.php(49): IncidentesController->actionIncoming()
#8 /var/www/html/sihori/framework/web/CController.php(308): CInlineAction->runWithParams()
#9 /var/www/html/sihori/framework/web/filters/CFilterChain.php(133): IncidentesController->runAction()
#10 /var/www/html/sihori/framework/web/filters/CFilter.php(40): CFilterChain->run()
#11 /var/www/html/sihori/framework/web/CController.php(1145): CAccessControlFilter->filter()
#12 /var/www/html/sihori/framework/web/filters/CInlineFilter.php(58): IncidentesController->filterAccessControl()
#13 /var/www/html/sihori/framework/web/filters/CFilterChain.php(130): CInlineFilter->filter()
#14 /var/www/html/sihori/framework/web/CController.php(291): CFilterChain->run()
#15 /var/www/html/sihori/framework/web/CController.php(265): IncidentesController->runActionWithFilters()
#16 /var/www/html/sihori/framework/web/CWebApplication.php(282): IncidentesController->run()
#17 /var/www/html/sihori/framework/web/CWebApplication.php(141): CWebApplication->runController()
#18 /var/www/html/sihori/framework/base/CApplication.php(180): CWebApplication->processRequest()
#19 /var/www/html/sihori/sih/index.php(15): CWebApplication->run()
REQUEST_URI=/sihori/sih/index.php?r=incidentes/incoming
in /var/www/html/sihori/sih/protected/views/incidentes/_incidente.php (7)
in /var/www/html/sihori/sih/protected/views/incidentes/incoming.php (50)
in /var/www/html/sihori/sih/protected/controllers/IncidentesController.php (82)
2014/08/31 21:52:57 [error] [php] Undefined variable: data (/var/www/html/sihori/sih/protected/views/incidentes/_incidente.php:7)
Stack trace:
#0 /var/www/html/sihori/framework/web/CController.php(869): IncidentesController->renderFile()
#1 /var/www/html/sihori/sih/protected/views/incidentes/incoming.php(50): IncidentesController->renderPartial()
#2 /var/www/html/sihori/framework/web/CBaseController.php(126): require()
#3 /var/www/html/sihori/framework/web/CBaseController.php(95): IncidentesController->renderInternal()
#4 /var/www/html/sihori/framework/web/CController.php(869): IncidentesController->renderFile()
#5 /var/www/html/sihori/framework/web/CController.php(782): IncidentesController->renderPartial()
#6 /var/www/html/sihori/sih/protected/controllers/IncidentesController.php(82): IncidentesController->render()
#7 /var/www/html/sihori/framework/web/actions/CInlineAction.php(49): IncidentesController->actionIncoming()
#8 /var/www/html/sihori/framework/web/CController.php(308): CInlineAction->runWithParams()
#9 /var/www/html/sihori/framework/web/filters/CFilterChain.php(133): IncidentesController->runAction()
#10 /var/www/html/sihori/framework/web/filters/CFilter.php(40): CFilterChain->run()
#11 /var/www/html/sihori/framework/web/CController.php(1145): CAccessControlFilter->filter()
#12 /var/www/html/sihori/framework/web/filters/CInlineFilter.php(58): IncidentesController->filterAccessControl()
#13 /var/www/html/sihori/framework/web/filters/CFilterChain.php(130): CInlineFilter->filter()
#14 /var/www/html/sihori/framework/web/CController.php(291): CFilterChain->run()
#15 /var/www/html/sihori/framework/web/CController.php(265): IncidentesController->runActionWithFilters()
#16 /var/www/html/sihori/framework/web/CWebApplication.php(282): IncidentesController->run()
#17 /var/www/html/sihori/framework/web/CWebApplication.php(141): CWebApplication->runController()
#18 /var/www/html/sihori/framework/base/CApplication.php(180): CWebApplication->processRequest()
#19 /var/www/html/sihori/sih/index.php(15): CWebApplication->run()
REQUEST_URI=/sihori/sih/index.php?r=incidentes/incoming
in /var/www/html/sihori/sih/protected/views/incidentes/_incidente.php (7)
in /var/www/html/sihori/sih/protected/views/incidentes/incoming.php (50)
in /var/www/html/sihori/sih/protected/controllers/IncidentesController.php (82)
2014/08/31 21:53:11 [error] [php] Undefined variable: incidentex (/var/www/html/sihori/sih/protected/views/incidentes/incoming.php:50)
Stack trace:
#0 /var/www/html/sihori/framework/web/CController.php(869): IncidentesController->renderFile()
#1 /var/www/html/sihori/framework/web/CController.php(782): IncidentesController->renderPartial()
#2 /var/www/html/sihori/sih/protected/controllers/IncidentesController.php(82): IncidentesController->render()
#3 /var/www/html/sihori/framework/web/actions/CInlineAction.php(49): IncidentesController->actionIncoming()
#4 /var/www/html/sihori/framework/web/CController.php(308): CInlineAction->runWithParams()
#5 /var/www/html/sihori/framework/web/filters/CFilterChain.php(133): IncidentesController->runAction()
#6 /var/www/html/sihori/framework/web/filters/CFilter.php(40): CFilterChain->run()
#7 /var/www/html/sihori/framework/web/CController.php(1145): CAccessControlFilter->filter()
#8 /var/www/html/sihori/framework/web/filters/CInlineFilter.php(58): IncidentesController->filterAccessControl()
#9 /var/www/html/sihori/framework/web/filters/CFilterChain.php(130): CInlineFilter->filter()
#10 /var/www/html/sihori/framework/web/CController.php(291): CFilterChain->run()
#11 /var/www/html/sihori/framework/web/CController.php(265): IncidentesController->runActionWithFilters()
#12 /var/www/html/sihori/framework/web/CWebApplication.php(282): IncidentesController->run()
#13 /var/www/html/sihori/framework/web/CWebApplication.php(141): CWebApplication->runController()
#14 /var/www/html/sihori/framework/base/CApplication.php(180): CWebApplication->processRequest()
#15 /var/www/html/sihori/sih/index.php(15): CWebApplication->run()
REQUEST_URI=/sihori/sih/index.php?r=incidentes/incoming
in /var/www/html/sihori/sih/protected/views/incidentes/incoming.php (50)
in /var/www/html/sihori/sih/protected/controllers/IncidentesController.php (82)
in /var/www/html/sihori/sih/index.php (15)
2014/08/31 21:53:21 [error] [php] Trying to get property of non-object (/var/www/html/sihori/sih/protected/views/incidentes/_incidente.php:7)
Stack trace:
#0 /var/www/html/sihori/framework/web/CController.php(869): IncidentesController->renderFile()
#1 /var/www/html/sihori/sih/protected/views/incidentes/incoming.php(50): IncidentesController->renderPartial()
#2 /var/www/html/sihori/framework/web/CBaseController.php(126): require()
#3 /var/www/html/sihori/framework/web/CBaseController.php(95): IncidentesController->renderInternal()
#4 /var/www/html/sihori/framework/web/CController.php(869): IncidentesController->renderFile()
#5 /var/www/html/sihori/framework/web/CController.php(782): IncidentesController->renderPartial()
#6 /var/www/html/sihori/sih/protected/controllers/IncidentesController.php(82): IncidentesController->render()
#7 /var/www/html/sihori/framework/web/actions/CInlineAction.php(49): IncidentesController->actionIncoming()
#8 /var/www/html/sihori/framework/web/CController.php(308): CInlineAction->runWithParams()
#9 /var/www/html/sihori/framework/web/filters/CFilterChain.php(133): IncidentesController->runAction()
#10 /var/www/html/sihori/framework/web/filters/CFilter.php(40): CFilterChain->run()
#11 /var/www/html/sihori/framework/web/CController.php(1145): CAccessControlFilter->filter()
#12 /var/www/html/sihori/framework/web/filters/CInlineFilter.php(58): IncidentesController->filterAccessControl()
#13 /var/www/html/sihori/framework/web/filters/CFilterChain.php(130): CInlineFilter->filter()
#14 /var/www/html/sihori/framework/web/CController.php(291): CFilterChain->run()
#15 /var/www/html/sihori/framework/web/CController.php(265): IncidentesController->runActionWithFilters()
#16 /var/www/html/sihori/framework/web/CWebApplication.php(282): IncidentesController->run()
#17 /var/www/html/sihori/framework/web/CWebApplication.php(141): CWebApplication->runController()
#18 /var/www/html/sihori/framework/base/CApplication.php(180): CWebApplication->processRequest()
#19 /var/www/html/sihori/sih/index.php(15): CWebApplication->run()
REQUEST_URI=/sihori/sih/index.php?r=incidentes/incoming
in /var/www/html/sihori/sih/protected/views/incidentes/_incidente.php (7)
in /var/www/html/sihori/sih/protected/views/incidentes/incoming.php (50)
in /var/www/html/sihori/sih/protected/controllers/IncidentesController.php (82)
2014/08/31 21:56:03 [error] [php] Undefined variable: data (/var/www/html/sihori/sih/protected/views/incidentes/incoming.php:50)
Stack trace:
#0 /var/www/html/sihori/framework/web/CController.php(869): IncidentesController->renderFile()
#1 /var/www/html/sihori/framework/web/CController.php(782): IncidentesController->renderPartial()
#2 /var/www/html/sihori/sih/protected/controllers/IncidentesController.php(82): IncidentesController->render()
#3 /var/www/html/sihori/framework/web/actions/CInlineAction.php(49): IncidentesController->actionIncoming()
#4 /var/www/html/sihori/framework/web/CController.php(308): CInlineAction->runWithParams()
#5 /var/www/html/sihori/framework/web/filters/CFilterChain.php(133): IncidentesController->runAction()
#6 /var/www/html/sihori/framework/web/filters/CFilter.php(40): CFilterChain->run()
#7 /var/www/html/sihori/framework/web/CController.php(1145): CAccessControlFilter->filter()
#8 /var/www/html/sihori/framework/web/filters/CInlineFilter.php(58): IncidentesController->filterAccessControl()
#9 /var/www/html/sihori/framework/web/filters/CFilterChain.php(130): CInlineFilter->filter()
#10 /var/www/html/sihori/framework/web/CController.php(291): CFilterChain->run()
#11 /var/www/html/sihori/framework/web/CController.php(265): IncidentesController->runActionWithFilters()
#12 /var/www/html/sihori/framework/web/CWebApplication.php(282): IncidentesController->run()
#13 /var/www/html/sihori/framework/web/CWebApplication.php(141): CWebApplication->runController()
#14 /var/www/html/sihori/framework/base/CApplication.php(180): CWebApplication->processRequest()
#15 /var/www/html/sihori/sih/index.php(15): CWebApplication->run()
REQUEST_URI=/sihori/sih/index.php?r=incidentes/incoming
in /var/www/html/sihori/sih/protected/views/incidentes/incoming.php (50)
in /var/www/html/sihori/sih/protected/controllers/IncidentesController.php (82)
in /var/www/html/sihori/sih/index.php (15)
2014/08/31 21:56:44 [error] [php] Undefined variable: data (/var/www/html/sihori/sih/protected/views/incidentes/incoming.php:50)
Stack trace:
#0 /var/www/html/sihori/framework/web/CController.php(869): IncidentesController->renderFile()
#1 /var/www/html/sihori/framework/web/CController.php(782): IncidentesController->renderPartial()
#2 /var/www/html/sihori/sih/protected/controllers/IncidentesController.php(82): IncidentesController->render()
#3 /var/www/html/sihori/framework/web/actions/CInlineAction.php(49): IncidentesController->actionIncoming()
#4 /var/www/html/sihori/framework/web/CController.php(308): CInlineAction->runWithParams()
#5 /var/www/html/sihori/framework/web/filters/CFilterChain.php(133): IncidentesController->runAction()
#6 /var/www/html/sihori/framework/web/filters/CFilter.php(40): CFilterChain->run()
#7 /var/www/html/sihori/framework/web/CController.php(1145): CAccessControlFilter->filter()
#8 /var/www/html/sihori/framework/web/filters/CInlineFilter.php(58): IncidentesController->filterAccessControl()
#9 /var/www/html/sihori/framework/web/filters/CFilterChain.php(130): CInlineFilter->filter()
#10 /var/www/html/sihori/framework/web/CController.php(291): CFilterChain->run()
#11 /var/www/html/sihori/framework/web/CController.php(265): IncidentesController->runActionWithFilters()
#12 /var/www/html/sihori/framework/web/CWebApplication.php(282): IncidentesController->run()
#13 /var/www/html/sihori/framework/web/CWebApplication.php(141): CWebApplication->runController()
#14 /var/www/html/sihori/framework/base/CApplication.php(180): CWebApplication->processRequest()
#15 /var/www/html/sihori/sih/index.php(15): CWebApplication->run()
REQUEST_URI=/sihori/sih/index.php?r=incidentes/incoming
in /var/www/html/sihori/sih/protected/views/incidentes/incoming.php (50)
in /var/www/html/sihori/sih/protected/controllers/IncidentesController.php (82)
in /var/www/html/sihori/sih/index.php (15)
2014/08/31 21:56:46 [error] [php] Undefined variable: data (/var/www/html/sihori/sih/protected/views/incidentes/incoming.php:50)
Stack trace:
#0 /var/www/html/sihori/framework/web/CController.php(869): IncidentesController->renderFile()
#1 /var/www/html/sihori/framework/web/CController.php(782): IncidentesController->renderPartial()
#2 /var/www/html/sihori/sih/protected/controllers/IncidentesController.php(82): IncidentesController->render()
#3 /var/www/html/sihori/framework/web/actions/CInlineAction.php(49): IncidentesController->actionIncoming()
#4 /var/www/html/sihori/framework/web/CController.php(308): CInlineAction->runWithParams()
#5 /var/www/html/sihori/framework/web/filters/CFilterChain.php(133): IncidentesController->runAction()
#6 /var/www/html/sihori/framework/web/filters/CFilter.php(40): CFilterChain->run()
#7 /var/www/html/sihori/framework/web/CController.php(1145): CAccessControlFilter->filter()
#8 /var/www/html/sihori/framework/web/filters/CInlineFilter.php(58): IncidentesController->filterAccessControl()
#9 /var/www/html/sihori/framework/web/filters/CFilterChain.php(130): CInlineFilter->filter()
#10 /var/www/html/sihori/framework/web/CController.php(291): CFilterChain->run()
#11 /var/www/html/sihori/framework/web/CController.php(265): IncidentesController->runActionWithFilters()
#12 /var/www/html/sihori/framework/web/CWebApplication.php(282): IncidentesController->run()
#13 /var/www/html/sihori/framework/web/CWebApplication.php(141): CWebApplication->runController()
#14 /var/www/html/sihori/framework/base/CApplication.php(180): CWebApplication->processRequest()
#15 /var/www/html/sihori/sih/index.php(15): CWebApplication->run()
REQUEST_URI=/sihori/sih/index.php?r=incidentes/incoming
in /var/www/html/sihori/sih/protected/views/incidentes/incoming.php (50)
in /var/www/html/sihori/sih/protected/controllers/IncidentesController.php (82)
in /var/www/html/sihori/sih/index.php (15)
2014/08/31 21:57:25 [error] [php] Undefined variable: data (/var/www/html/sihori/sih/protected/views/incidentes/incoming.php:50)
Stack trace:
#0 /var/www/html/sihori/framework/web/CController.php(869): IncidentesController->renderFile()
#1 /var/www/html/sihori/framework/web/CController.php(782): IncidentesController->renderPartial()
#2 /var/www/html/sihori/sih/protected/controllers/IncidentesController.php(82): IncidentesController->render()
#3 /var/www/html/sihori/framework/web/actions/CInlineAction.php(49): IncidentesController->actionIncoming()
#4 /var/www/html/sihori/framework/web/CController.php(308): CInlineAction->runWithParams()
#5 /var/www/html/sihori/framework/web/filters/CFilterChain.php(133): IncidentesController->runAction()
#6 /var/www/html/sihori/framework/web/filters/CFilter.php(40): CFilterChain->run()
#7 /var/www/html/sihori/framework/web/CController.php(1145): CAccessControlFilter->filter()
#8 /var/www/html/sihori/framework/web/filters/CInlineFilter.php(58): IncidentesController->filterAccessControl()
#9 /var/www/html/sihori/framework/web/filters/CFilterChain.php(130): CInlineFilter->filter()
#10 /var/www/html/sihori/framework/web/CController.php(291): CFilterChain->run()
#11 /var/www/html/sihori/framework/web/CController.php(265): IncidentesController->runActionWithFilters()
#12 /var/www/html/sihori/framework/web/CWebApplication.php(282): IncidentesController->run()
#13 /var/www/html/sihori/framework/web/CWebApplication.php(141): CWebApplication->runController()
#14 /var/www/html/sihori/framework/base/CApplication.php(180): CWebApplication->processRequest()
#15 /var/www/html/sihori/sih/index.php(15): CWebApplication->run()
REQUEST_URI=/sihori/sih/index.php?r=incidentes/incoming
in /var/www/html/sihori/sih/protected/views/incidentes/incoming.php (50)
in /var/www/html/sihori/sih/protected/controllers/IncidentesController.php (82)
in /var/www/html/sihori/sih/index.php (15)
2014/08/31 21:57:57 [error] [php] Undefined variable: data (/var/www/html/sihori/sih/protected/views/incidentes/_incidente.php:7)
Stack trace:
#0 /var/www/html/sihori/framework/web/CController.php(869): IncidentesController->renderFile()
#1 /var/www/html/sihori/sih/protected/controllers/IncidentesController.php(68): IncidentesController->renderPartial()
#2 unknown(0): IncidentesController->actionTest()
#3 /var/www/html/sihori/framework/web/actions/CAction.php(108): ReflectionMethod->invokeArgs()
#4 /var/www/html/sihori/framework/web/actions/CInlineAction.php(47): CInlineAction->runWithParamsInternal()
#5 /var/www/html/sihori/framework/web/CController.php(308): CInlineAction->runWithParams()
#6 /var/www/html/sihori/framework/web/filters/CFilterChain.php(133): IncidentesController->runAction()
#7 /var/www/html/sihori/framework/web/filters/CFilter.php(40): CFilterChain->run()
#8 /var/www/html/sihori/framework/web/CController.php(1145): CAccessControlFilter->filter()
#9 /var/www/html/sihori/framework/web/filters/CInlineFilter.php(58): IncidentesController->filterAccessControl()
#10 /var/www/html/sihori/framework/web/filters/CFilterChain.php(130): CInlineFilter->filter()
#11 /var/www/html/sihori/framework/web/CController.php(291): CFilterChain->run()
#12 /var/www/html/sihori/framework/web/CController.php(265): IncidentesController->runActionWithFilters()
#13 /var/www/html/sihori/framework/web/CWebApplication.php(282): IncidentesController->run()
#14 /var/www/html/sihori/framework/web/CWebApplication.php(141): CWebApplication->runController()
#15 /var/www/html/sihori/framework/base/CApplication.php(180): CWebApplication->processRequest()
#16 /var/www/html/sihori/sih/index.php(15): CWebApplication->run()
REQUEST_URI=/sihori/sih/index.php?r=incidentes/test&id=4&_=1409540277783
in /var/www/html/sihori/sih/protected/views/incidentes/_incidente.php (7)
in /var/www/html/sihori/sih/protected/controllers/IncidentesController.php (68)
in /var/www/html/sihori/sih/index.php (15)
2014/08/31 21:57:58 [error] [php] Undefined variable: data (/var/www/html/sihori/sih/protected/views/incidentes/_incidente.php:7)
Stack trace:
#0 /var/www/html/sihori/framework/web/CController.php(869): IncidentesController->renderFile()
#1 /var/www/html/sihori/sih/protected/controllers/IncidentesController.php(68): IncidentesController->renderPartial()
#2 unknown(0): IncidentesController->actionTest()
#3 /var/www/html/sihori/framework/web/actions/CAction.php(108): ReflectionMethod->invokeArgs()
#4 /var/www/html/sihori/framework/web/actions/CInlineAction.php(47): CInlineAction->runWithParamsInternal()
#5 /var/www/html/sihori/framework/web/CController.php(308): CInlineAction->runWithParams()
#6 /var/www/html/sihori/framework/web/filters/CFilterChain.php(133): IncidentesController->runAction()
#7 /var/www/html/sihori/framework/web/filters/CFilter.php(40): CFilterChain->run()
#8 /var/www/html/sihori/framework/web/CController.php(1145): CAccessControlFilter->filter()
#9 /var/www/html/sihori/framework/web/filters/CInlineFilter.php(58): IncidentesController->filterAccessControl()
#10 /var/www/html/sihori/framework/web/filters/CFilterChain.php(130): CInlineFilter->filter()
#11 /var/www/html/sihori/framework/web/CController.php(291): CFilterChain->run()
#12 /var/www/html/sihori/framework/web/CController.php(265): IncidentesController->runActionWithFilters()
#13 /var/www/html/sihori/framework/web/CWebApplication.php(282): IncidentesController->run()
#14 /var/www/html/sihori/framework/web/CWebApplication.php(141): CWebApplication->runController()
#15 /var/www/html/sihori/framework/base/CApplication.php(180): CWebApplication->processRequest()
#16 /var/www/html/sihori/sih/index.php(15): CWebApplication->run()
REQUEST_URI=/sihori/sih/index.php?r=incidentes/test&id=4&_=1409540278461
in /var/www/html/sihori/sih/protected/views/incidentes/_incidente.php (7)
in /var/www/html/sihori/sih/protected/controllers/IncidentesController.php (68)
in /var/www/html/sihori/sih/index.php (15)
2014/08/31 22:55:02 [error] [php] htmlspecialchars() expects parameter 1 to be string, array given (/var/www/html/sihori/framework/web/helpers/CHtml.php:103)
Stack trace:
#0 /var/www/html/sihori/framework/web/helpers/CHtml.php(158): renderAttributes()
#1 /var/www/html/sihori/framework/web/helpers/CHtml.php(1203): tag()
#2 /var/www/html/sihori/sih/protected/views/incidentes/incoming.php(57): ajaxLink()
#3 /var/www/html/sihori/framework/web/CBaseController.php(126): require()
#4 /var/www/html/sihori/framework/web/CBaseController.php(95): IncidentesController->renderInternal()
#5 /var/www/html/sihori/framework/web/CController.php(869): IncidentesController->renderFile()
#6 /var/www/html/sihori/framework/web/CController.php(782): IncidentesController->renderPartial()
#7 /var/www/html/sihori/sih/protected/controllers/IncidentesController.php(83): IncidentesController->render()
#8 /var/www/html/sihori/framework/web/actions/CInlineAction.php(49): IncidentesController->actionIncoming()
#9 /var/www/html/sihori/framework/web/CController.php(308): CInlineAction->runWithParams()
#10 /var/www/html/sihori/framework/web/CController.php(286): IncidentesController->runAction()
#11 /var/www/html/sihori/framework/web/CController.php(265): IncidentesController->runActionWithFilters()
#12 /var/www/html/sihori/framework/web/CWebApplication.php(282): IncidentesController->run()
#13 /var/www/html/sihori/framework/web/CWebApplication.php(141): CWebApplication->runController()
#14 /var/www/html/sihori/framework/base/CApplication.php(180): CWebApplication->processRequest()
#15 /var/www/html/sihori/sih/index.php(15): CWebApplication->run()
REQUEST_URI=/sihori/sih/index.php?r=incidentes/incoming
in /var/www/html/sihori/sih/protected/views/incidentes/incoming.php (57)
in /var/www/html/sihori/sih/protected/controllers/IncidentesController.php (83)
in /var/www/html/sihori/sih/index.php (15)
2014/08/31 22:59:32 [error] [php] Undefined variable: arr (/var/www/html/sihori/sih/protected/controllers/IncidentesController.php:63)
Stack trace:
#0 /var/www/html/sihori/framework/web/actions/CInlineAction.php(47): CInlineAction->runWithParamsInternal()
#1 /var/www/html/sihori/framework/web/CController.php(308): CInlineAction->runWithParams()
#2 /var/www/html/sihori/framework/web/filters/CFilterChain.php(133): IncidentesController->runAction()
#3 /var/www/html/sihori/framework/web/filters/CFilter.php(40): CFilterChain->run()
#4 /var/www/html/sihori/framework/web/CController.php(1145): CAccessControlFilter->filter()
#5 /var/www/html/sihori/framework/web/filters/CInlineFilter.php(58): IncidentesController->filterAccessControl()
#6 /var/www/html/sihori/framework/web/filters/CFilterChain.php(130): CInlineFilter->filter()
#7 /var/www/html/sihori/framework/web/CController.php(291): CFilterChain->run()
#8 /var/www/html/sihori/framework/web/CController.php(265): IncidentesController->runActionWithFilters()
#9 /var/www/html/sihori/framework/web/CWebApplication.php(282): IncidentesController->run()
#10 /var/www/html/sihori/framework/web/CWebApplication.php(141): CWebApplication->runController()
#11 /var/www/html/sihori/framework/base/CApplication.php(180): CWebApplication->processRequest()
#12 /var/www/html/sihori/sih/index.php(15): CWebApplication->run()
REQUEST_URI=/sihori/sih/index.php?r=incidentes/test&id=4&_=1409543972524
in /var/www/html/sihori/sih/protected/controllers/IncidentesController.php (63)
in /var/www/html/sihori/sih/index.php (15)
2014/08/31 22:59:47 [error] [exception.CException] exception 'CException' with message 'IncidentesController no ha podido encontrar la vista "_incoming" solicitada.' in /var/www/html/sihori/framework/web/CController.php:878
Stack trace:
#0 /var/www/html/sihori/sih/protected/controllers/IncidentesController.php(63): CController->renderPartial('_incoming', Array, false, true)
#1 [internal function]: IncidentesController->actionTest('4')
#2 /var/www/html/sihori/framework/web/actions/CAction.php(108): ReflectionMethod->invokeArgs(Object(IncidentesController), Array)
#3 /var/www/html/sihori/framework/web/actions/CInlineAction.php(47): CAction->runWithParamsInternal(Object(IncidentesController), Object(ReflectionMethod), Array)
#4 /var/www/html/sihori/framework/web/CController.php(308): CInlineAction->runWithParams(Array)
#5 /var/www/html/sihori/framework/web/filters/CFilterChain.php(133): CController->runAction(Object(CInlineAction))
#6 /var/www/html/sihori/framework/web/filters/CFilter.php(40): CFilterChain->run()
#7 /var/www/html/sihori/framework/web/CController.php(1145): CFilter->filter(Object(CFilterChain))
#8 /var/www/html/sihori/framework/web/filters/CInlineFilter.php(58): CController->filterAccessControl(Object(CFilterChain))
#9 /var/www/html/sihori/framework/web/filters/CFilterChain.php(130): CInlineFilter->filter(Object(CFilterChain))
#10 /var/www/html/sihori/framework/web/CController.php(291): CFilterChain->run()
#11 /var/www/html/sihori/framework/web/CController.php(265): CController->runActionWithFilters(Object(CInlineAction), Array)
#12 /var/www/html/sihori/framework/web/CWebApplication.php(282): CController->run('test')
#13 /var/www/html/sihori/framework/web/CWebApplication.php(141): CWebApplication->runController('incidentes/test')
#14 /var/www/html/sihori/framework/base/CApplication.php(180): CWebApplication->processRequest()
#15 /var/www/html/sihori/sih/index.php(15): CApplication->run()
#16 {main}
REQUEST_URI=/sihori/sih/index.php?r=incidentes/test&id=4&_=1409543987240
HTTP_REFERER=http://localhost/sihori/sih/index.php?r=incidentes/incoming
---
2014/08/31 23:00:33 [error] [php] Undefined variable: data (/var/www/html/sihori/sih/protected/views/incidentes/_incidente.php:7)
Stack trace:
#0 /var/www/html/sihori/framework/web/CController.php(869): IncidentesController->renderFile()
#1 /var/www/html/sihori/sih/protected/controllers/IncidentesController.php(63): IncidentesController->renderPartial()
#2 unknown(0): IncidentesController->actionTest()
#3 /var/www/html/sihori/framework/web/actions/CAction.php(108): ReflectionMethod->invokeArgs()
#4 /var/www/html/sihori/framework/web/actions/CInlineAction.php(47): CInlineAction->runWithParamsInternal()
#5 /var/www/html/sihori/framework/web/CController.php(308): CInlineAction->runWithParams()
#6 /var/www/html/sihori/framework/web/filters/CFilterChain.php(133): IncidentesController->runAction()
#7 /var/www/html/sihori/framework/web/filters/CFilter.php(40): CFilterChain->run()
#8 /var/www/html/sihori/framework/web/CController.php(1145): CAccessControlFilter->filter()
#9 /var/www/html/sihori/framework/web/filters/CInlineFilter.php(58): IncidentesController->filterAccessControl()
#10 /var/www/html/sihori/framework/web/filters/CFilterChain.php(130): CInlineFilter->filter()
#11 /var/www/html/sihori/framework/web/CController.php(291): CFilterChain->run()
#12 /var/www/html/sihori/framework/web/CController.php(265): IncidentesController->runActionWithFilters()
#13 /var/www/html/sihori/framework/web/CWebApplication.php(282): IncidentesController->run()
#14 /var/www/html/sihori/framework/web/CWebApplication.php(141): CWebApplication->runController()
#15 /var/www/html/sihori/framework/base/CApplication.php(180): CWebApplication->processRequest()
#16 /var/www/html/sihori/sih/index.php(15): CWebApplication->run()
REQUEST_URI=/sihori/sih/index.php?r=incidentes/test&id=4&_=1409544033552
in /var/www/html/sihori/sih/protected/views/incidentes/_incidente.php (7)
in /var/www/html/sihori/sih/protected/controllers/IncidentesController.php (63)
in /var/www/html/sihori/sih/index.php (15)
2014/08/31 23:09:37 [error] [php] htmlspecialchars() expects parameter 1 to be string, array given (/var/www/html/sihori/framework/web/helpers/CHtml.php:103)
Stack trace:
#0 /var/www/html/sihori/framework/web/helpers/CHtml.php(158): renderAttributes()
#1 /var/www/html/sihori/framework/web/helpers/CHtml.php(1203): tag()
#2 /var/www/html/sihori/sih/protected/views/incidentes/incoming.php(58): ajaxLink()
#3 /var/www/html/sihori/framework/web/CBaseController.php(126): require()
#4 /var/www/html/sihori/framework/web/CBaseController.php(95): IncidentesController->renderInternal()
#5 /var/www/html/sihori/framework/web/CController.php(869): IncidentesController->renderFile()
#6 /var/www/html/sihori/framework/web/CController.php(782): IncidentesController->renderPartial()
#7 /var/www/html/sihori/sih/protected/controllers/IncidentesController.php(75): IncidentesController->render()
#8 /var/www/html/sihori/framework/web/actions/CInlineAction.php(49): IncidentesController->actionIncoming()
#9 /var/www/html/sihori/framework/web/CController.php(308): CInlineAction->runWithParams()
#10 /var/www/html/sihori/framework/web/filters/CFilterChain.php(133): IncidentesController->runAction()
#11 /var/www/html/sihori/framework/web/filters/CFilter.php(40): CFilterChain->run()
#12 /var/www/html/sihori/framework/web/CController.php(1145): CAccessControlFilter->filter()
#13 /var/www/html/sihori/framework/web/filters/CInlineFilter.php(58): IncidentesController->filterAccessControl()
#14 /var/www/html/sihori/framework/web/filters/CFilterChain.php(130): CInlineFilter->filter()
#15 /var/www/html/sihori/framework/web/CController.php(291): CFilterChain->run()
#16 /var/www/html/sihori/framework/web/CController.php(265): IncidentesController->runActionWithFilters()
#17 /var/www/html/sihori/framework/web/CWebApplication.php(282): IncidentesController->run()
#18 /var/www/html/sihori/framework/web/CWebApplication.php(141): CWebApplication->runController()
#19 /var/www/html/sihori/framework/base/CApplication.php(180): CWebApplication->processRequest()
#20 /var/www/html/sihori/sih/index.php(15): CWebApplication->run()
REQUEST_URI=/sihori/sih/index.php?r=incidentes/incoming
in /var/www/html/sihori/sih/protected/views/incidentes/incoming.php (58)
in /var/www/html/sihori/sih/protected/controllers/IncidentesController.php (75)
in /var/www/html/sihori/sih/index.php (15)
2014/08/31 23:20:50 [error] [exception.CException] exception 'CException' with message 'La propiedad "Incidentes"."de_id_persona" no se encuentra definida.' in /var/www/html/sihori/framework/base/CComponent.php:130
Stack trace:
#0 /var/www/html/sihori/framework/db/ar/CActiveRecord.php(145): CComponent->__get('de_id_persona')
#1 /var/www/html/sihori/sih/protected/controllers/IncidentesController.php(68): CActiveRecord->__get('de_id_persona')
#2 [internal function]: IncidentesController->actionTest('2')
#3 /var/www/html/sihori/framework/web/actions/CAction.php(108): ReflectionMethod->invokeArgs(Object(IncidentesController), Array)
#4 /var/www/html/sihori/framework/web/actions/CInlineAction.php(47): CAction->runWithParamsInternal(Object(IncidentesController), Object(ReflectionMethod), Array)
#5 /var/www/html/sihori/framework/web/CController.php(308): CInlineAction->runWithParams(Array)
#6 /var/www/html/sihori/framework/web/filters/CFilterChain.php(133): CController->runAction(Object(CInlineAction))
#7 /var/www/html/sihori/framework/web/filters/CFilter.php(40): CFilterChain->run()
#8 /var/www/html/sihori/framework/web/CController.php(1145): CFilter->filter(Object(CFilterChain))
#9 /var/www/html/sihori/framework/web/filters/CInlineFilter.php(58): CController->filterAccessControl(Object(CFilterChain))
#10 /var/www/html/sihori/framework/web/filters/CFilterChain.php(130): CInlineFilter->filter(Object(CFilterChain))
#11 /var/www/html/sihori/framework/web/CController.php(291): CFilterChain->run()
#12 /var/www/html/sihori/framework/web/CController.php(265): CController->runActionWithFilters(Object(CInlineAction), Array)
#13 /var/www/html/sihori/framework/web/CWebApplication.php(282): CController->run('test')
#14 /var/www/html/sihori/framework/web/CWebApplication.php(141): CWebApplication->runController('incidentes/test')
#15 /var/www/html/sihori/framework/base/CApplication.php(180): CWebApplication->processRequest()
#16 /var/www/html/sihori/sih/index.php(15): CApplication->run()
#17 {main}
REQUEST_URI=/sihori/sih/index.php?r=incidentes/test&id=2&_=1409545250327
HTTP_REFERER=http://localhost/sihori/sih/index.php?r=incidentes/incoming
---
2014/08/31 23:24:55 [error] [exception.CException] exception 'CException' with message 'La propiedad "Personas"."nombre" no se encuentra definida.' in /var/www/html/sihori/framework/base/CComponent.php:130
Stack trace:
#0 /var/www/html/sihori/framework/db/ar/CActiveRecord.php(145): CComponent->__get('nombre')
#1 /var/www/html/sihori/sih/protected/controllers/IncidentesController.php(71): CActiveRecord->__get('nombre')
#2 [internal function]: IncidentesController->actionTest('5')
#3 /var/www/html/sihori/framework/web/actions/CAction.php(108): ReflectionMethod->invokeArgs(Object(IncidentesController), Array)
#4 /var/www/html/sihori/framework/web/actions/CInlineAction.php(47): CAction->runWithParamsInternal(Object(IncidentesController), Object(ReflectionMethod), Array)
#5 /var/www/html/sihori/framework/web/CController.php(308): CInlineAction->runWithParams(Array)
#6 /var/www/html/sihori/framework/web/filters/CFilterChain.php(133): CController->runAction(Object(CInlineAction))
#7 /var/www/html/sihori/framework/web/filters/CFilter.php(40): CFilterChain->run()
#8 /var/www/html/sihori/framework/web/CController.php(1145): CFilter->filter(Object(CFilterChain))
#9 /var/www/html/sihori/framework/web/filters/CInlineFilter.php(58): CController->filterAccessControl(Object(CFilterChain))
#10 /var/www/html/sihori/framework/web/filters/CFilterChain.php(130): CInlineFilter->filter(Object(CFilterChain))
#11 /var/www/html/sihori/framework/web/CController.php(291): CFilterChain->run()
#12 /var/www/html/sihori/framework/web/CController.php(265): CController->runActionWithFilters(Object(CInlineAction), Array)
#13 /var/www/html/sihori/framework/web/CWebApplication.php(282): CController->run('test')
#14 /var/www/html/sihori/framework/web/CWebApplication.php(141): CWebApplication->runController('incidentes/test')
#15 /var/www/html/sihori/framework/base/CApplication.php(180): CWebApplication->processRequest()
#16 /var/www/html/sihori/sih/index.php(15): CApplication->run()
#17 {main}
REQUEST_URI=/sihori/sih/index.php?r=incidentes/test&id=5&_=1409545495693
HTTP_REFERER=http://localhost/sihori/sih/index.php?r=incidentes/incoming
---
